# JRE version: OpenJDK Runtime Environment (11.0.10) (build 11.0.10+0-b96-7249189)
# Java VM: OpenJDK 64-Bit Server VM (11.0.10+0-b96-7249189, mixed mode, tiered, compressed oops, g1 gc, windows-amd64)
Heap:
 garbage-first heap   total 604160K, used 202618K [0x0000000080000000, 0x0000000100000000)
  region size 1024K, 18 young (18432K), 18 survivors (18432K)
 Metaspace       used 117788K, capacity 120691K, committed 121368K, reserved 1155072K
  class space    used 14589K, capacity 15678K, committed 15896K, reserved 1048576K
GC Heap History (20 events):
Event: 92.370 GC heap after
{Heap after GC invocations=60 (full 0):
 garbage-first heap   total 414720K, used 173904K [0x0000000080000000, 0x0000000100000000)
  region size 1024K, 3 young (3072K), 3 survivors (3072K)
 Metaspace       used 117463K, capacity 120334K, committed 121112K, reserved 1155072K
  class space    used 14566K, capacity 15626K, committed 15896K, reserved 1048576K
}
Event: 93.038 GC heap before
{Heap before GC invocations=60 (full 0):
 garbage-first heap   total 414720K, used 304976K [0x0000000080000000, 0x0000000100000000)
  region size 1024K, 131 young (134144K), 3 survivors (3072K)
 Metaspace       used 117487K, capacity 120347K, committed 121112K, reserved 1155072K
  class space    used 14568K, capacity 15630K, committed 15896K, reserved 1048576K
}
Event: 93.058 GC heap after
{Heap after GC invocations=61 (full 0):
 garbage-first heap   total 414720K, used 177506K [0x0000000080000000, 0x0000000100000000)
  region size 1024K, 7 young (7168K), 7 survivors (7168K)
 Metaspace       used 117487K, capacity 120347K, committed 121112K, reserved 1155072K
  class space    used 14568K, capacity 15630K, committed 15896K, reserved 1048576K
}
Event: 93.887 GC heap before
{Heap before GC invocations=61 (full 0):
 garbage-first heap   total 414720K, used 312674K [0x0000000080000000, 0x0000000100000000)
  region size 1024K, 139 young (142336K), 7 survivors (7168K)
 Metaspace       used 117552K, capacity 120423K, committed 121112K, reserved 1155072K
  class space    used 14570K, capacity 15633K, committed 15896K, reserved 1048576K
}
Event: 93.907 GC heap after
{Heap after GC invocations=62 (full 0):
 garbage-first heap   total 414720K, used 178922K [0x0000000080000000, 0x0000000100000000)
  region size 1024K, 8 young (8192K), 8 survivors (8192K)
 Metaspace       used 117552K, capacity 120423K, committed 121112K, reserved 1155072K
  class space    used 14570K, capacity 15633K, committed 15896K, reserved 1048576K
}
Event: 94.616 GC heap before
{Heap before GC invocations=62 (full 0):
 garbage-first heap   total 414720K, used 326378K [0x0000000080000000, 0x0000000100000000)
  region size 1024K, 152 young (155648K), 8 survivors (8192K)
 Metaspace       used 117572K, capacity 120487K, committed 121112K, reserved 1155072K
  class space    used 14570K, capacity 15633K, committed 15896K, reserved 1048576K
}
Event: 94.645 GC heap after
{Heap after GC invocations=63 (full 0):
 garbage-first heap   total 414720K, used 181898K [0x0000000080000000, 0x0000000100000000)
  region size 1024K, 11 young (11264K), 11 survivors (11264K)
 Metaspace       used 117572K, capacity 120487K, committed 121112K, reserved 1155072K
  class space    used 14570K, capacity 15633K, committed 15896K, reserved 1048576K
}
Event: 95.353 GC heap before
{Heap before GC invocations=63 (full 0):
 garbage-first heap   total 414720K, used 330378K [0x0000000080000000, 0x0000000100000000)
  region size 1024K, 156 young (159744K), 11 survivors (11264K)
 Metaspace       used 117618K, capacity 120506K, committed 121112K, reserved 1155072K
  class space    used 14576K, capacity 15639K, committed 15896K, reserved 1048576K
}
Event: 95.401 GC heap after
{Heap after GC invocations=64 (full 0):
 garbage-first heap   total 414720K, used 184601K [0x0000000080000000, 0x0000000100000000)
  region size 1024K, 13 young (13312K), 13 survivors (13312K)
 Metaspace       used 117618K, capacity 120506K, committed 121112K, reserved 1155072K
  class space    used 14576K, capacity 15639K, committed 15896K, reserved 1048576K
}
Event: 96.119 GC heap before
{Heap before GC invocations=64 (full 0):
 garbage-first heap   total 414720K, used 337177K [0x0000000080000000, 0x0000000100000000)
  region size 1024K, 162 young (165888K), 13 survivors (13312K)
 Metaspace       used 117636K, capacity 120506K, committed 121112K, reserved 1155072K
  class space    used 14576K, capacity 15639K, committed 15896K, reserved 1048576K
}
Event: 96.161 GC heap after
{Heap after GC invocations=65 (full 0):
 garbage-first heap   total 414720K, used 186360K [0x0000000080000000, 0x0000000100000000)
  region size 1024K, 13 young (13312K), 13 survivors (13312K)
 Metaspace       used 117636K, capacity 120506K, committed 121112K, reserved 1155072K
  class space    used 14576K, capacity 15639K, committed 15896K, reserved 1048576K
}
Event: 96.863 GC heap before
{Heap before GC invocations=65 (full 0):
 garbage-first heap   total 414720K, used 339960K [0x0000000080000000, 0x0000000100000000)
  region size 1024K, 163 young (166912K), 13 survivors (13312K)
 Metaspace       used 117662K, capacity 120575K, committed 121112K, reserved 1155072K
  class space    used 14576K, capacity 15640K, committed 15896K, reserved 1048576K
}
Event: 96.903 GC heap after
{Heap after GC invocations=66 (full 0):
 garbage-first heap   total 498688K, used 188861K [0x0000000080000000, 0x0000000100000000)
  region size 1024K, 12 young (12288K), 12 survivors (12288K)
 Metaspace       used 117662K, capacity 120575K, committed 121112K, reserved 1155072K
  class space    used 14576K, capacity 15640K, committed 15896K, reserved 1048576K
}
Event: 97.974 GC heap before
{Heap before GC invocations=66 (full 0):
 garbage-first heap   total 498688K, used 417213K [0x0000000080000000, 0x0000000100000000)
  region size 1024K, 235 young (240640K), 12 survivors (12288K)
 Metaspace       used 117698K, capacity 120576K, committed 121112K, reserved 1155072K
  class space    used 14579K, capacity 15640K, committed 15896K, reserved 1048576K
}
Event: 98.021 GC heap after
{Heap after GC invocations=67 (full 0):
 garbage-first heap   total 498688K, used 192957K [0x0000000080000000, 0x0000000100000000)
  region size 1024K, 16 young (16384K), 16 survivors (16384K)
 Metaspace       used 117698K, capacity 120576K, committed 121112K, reserved 1155072K
  class space    used 14579K, capacity 15640K, committed 15896K, reserved 1048576K
}
Event: 98.979 GC heap before
{Heap before GC invocations=67 (full 0):
 garbage-first heap   total 498688K, used 421309K [0x0000000080000000, 0x0000000100000000)
  region size 1024K, 239 young (244736K), 16 survivors (16384K)
 Metaspace       used 117725K, capacity 120585K, committed 121112K, reserved 1155072K
  class space    used 14581K, capacity 15643K, committed 15896K, reserved 1048576K
}
Event: 99.035 GC heap after
{Heap after GC invocations=68 (full 0):
 garbage-first heap   total 498688K, used 196029K [0x0000000080000000, 0x0000000100000000)
  region size 1024K, 19 young (19456K), 19 survivors (19456K)
 Metaspace       used 117725K, capacity 120585K, committed 121112K, reserved 1155072K
  class space    used 14581K, capacity 15643K, committed 15896K, reserved 1048576K
}
Event: 100.171 GC heap before
{Heap before GC invocations=68 (full 0):
 garbage-first heap   total 498688K, used 424381K [0x0000000080000000, 0x0000000100000000)
  region size 1024K, 242 young (247808K), 19 survivors (19456K)
 Metaspace       used 117733K, capacity 120649K, committed 121368K, reserved 1155072K
  class space    used 14581K, capacity 15643K, committed 15896K, reserved 1048576K
}
Event: 100.229 GC heap after
{Heap after GC invocations=69 (full 0):
 garbage-first heap   total 498688K, used 200407K [0x0000000080000000, 0x0000000100000000)
  region size 1024K, 19 young (19456K), 19 survivors (19456K)
 Metaspace       used 117733K, capacity 120649K, committed 121368K, reserved 1155072K
  class space    used 14581K, capacity 15643K, committed 15896K, reserved 1048576K
}
Event: 101.381 GC heap before
{Heap before GC invocations=69 (full 0):
 garbage-first heap   total 498688K, used 427735K [0x0000000080000000, 0x0000000100000000)
  region size 1024K, 241 young (246784K), 19 survivors (19456K)
 Metaspace       used 117788K, capacity 120691K, committed 121368K, reserved 1155072K
  class space    used 14589K, capacity 15678K, committed 15896K, reserved 1048576K
}

