# JRE version: OpenJDK Runtime Environment (11.0.10) (build 11.0.10+0-b96-7249189)
# Java VM: OpenJDK 64-Bit Server VM (11.0.10+0-b96-7249189, mixed mode, tiered, compressed oops, g1 gc, windows-amd64)
Heap:
 garbage-first heap   total 374784K, used 222623K [0x0000000080000000, 0x0000000100000000)
  region size 1024K, 1 young (1024K), 1 survivors (1024K)
 Metaspace       used 124121K, capacity 126989K, committed 128324K, reserved 1161216K
  class space    used 15301K, capacity 16356K, committed 16740K, reserved 1048576K
GC Heap History (20 events):
Event: 9664.914 GC heap after
{Heap after GC invocations=79 (full 1):
 garbage-first heap   total 292864K, used 182291K [0x0000000080000000, 0x0000000100000000)
  region size 1024K, 13 young (13312K), 13 survivors (13312K)
 Metaspace       used 124053K, capacity 126960K, committed 128324K, reserved 1161216K
  class space    used 15297K, capacity 16351K, committed 16740K, reserved 1048576K
}
Event: 9664.927 GC heap before
{Heap before GC invocations=79 (full 1):
 garbage-first heap   total 292864K, used 183315K [0x0000000080000000, 0x0000000100000000)
  region size 1024K, 14 young (14336K), 13 survivors (13312K)
 Metaspace       used 124058K, capacity 126960K, committed 128324K, reserved 1161216K
  class space    used 15297K, capacity 16351K, committed 16740K, reserved 1048576K
}
Event: 9664.989 GC heap after
{Heap after GC invocations=80 (full 1):
 garbage-first heap   total 292864K, used 175867K [0x0000000080000000, 0x0000000100000000)
  region size 1024K, 2 young (2048K), 2 survivors (2048K)
 Metaspace       used 124058K, capacity 126960K, committed 128324K, reserved 1161216K
  class space    used 15297K, capacity 16351K, committed 16740K, reserved 1048576K
}
Event: 9665.330 GC heap before
{Heap before GC invocations=80 (full 1):
 garbage-first heap   total 292864K, used 226043K [0x0000000080000000, 0x0000000100000000)
  region size 1024K, 52 young (53248K), 2 survivors (2048K)
 Metaspace       used 124060K, capacity 126960K, committed 128324K, reserved 1161216K
  class space    used 15297K, capacity 16351K, committed 16740K, reserved 1048576K
}
Event: 9665.378 GC heap after
{Heap after GC invocations=81 (full 1):
 garbage-first heap   total 292864K, used 198462K [0x0000000080000000, 0x0000000100000000)
  region size 1024K, 7 young (7168K), 7 survivors (7168K)
 Metaspace       used 124060K, capacity 126960K, committed 128324K, reserved 1161216K
  class space    used 15297K, capacity 16351K, committed 16740K, reserved 1048576K
}
Event: 9665.801 GC heap before
{Heap before GC invocations=81 (full 1):
 garbage-first heap   total 292864K, used 232254K [0x0000000080000000, 0x0000000100000000)
  region size 1024K, 41 young (41984K), 7 survivors (7168K)
 Metaspace       used 124090K, capacity 126965K, committed 128324K, reserved 1161216K
  class space    used 15297K, capacity 16351K, committed 16740K, reserved 1048576K
}
Event: 9665.829 GC heap after
{Heap after GC invocations=82 (full 1):
 garbage-first heap   total 292864K, used 203441K [0x0000000080000000, 0x0000000100000000)
  region size 1024K, 4 young (4096K), 4 survivors (4096K)
 Metaspace       used 124090K, capacity 126965K, committed 128324K, reserved 1161216K
  class space    used 15297K, capacity 16351K, committed 16740K, reserved 1048576K
}
Event: 9666.021 GC heap before
{Heap before GC invocations=82 (full 1):
 garbage-first heap   total 292864K, used 220849K [0x0000000080000000, 0x0000000100000000)
  region size 1024K, 22 young (22528K), 4 survivors (4096K)
 Metaspace       used 124092K, capacity 126965K, committed 128324K, reserved 1161216K
  class space    used 15297K, capacity 16351K, committed 16740K, reserved 1048576K
}
Event: 9666.038 GC heap after
{Heap after GC invocations=83 (full 1):
 garbage-first heap   total 292864K, used 206089K [0x0000000080000000, 0x0000000100000000)
  region size 1024K, 2 young (2048K), 2 survivors (2048K)
 Metaspace       used 124092K, capacity 126965K, committed 128324K, reserved 1161216K
  class space    used 15297K, capacity 16351K, committed 16740K, reserved 1048576K
}
Event: 9666.653 GC heap before
{Heap before GC invocations=83 (full 1):
 garbage-first heap   total 292864K, used 243977K [0x0000000080000000, 0x0000000100000000)
  region size 1024K, 33 young (33792K), 2 survivors (2048K)
 Metaspace       used 124096K, capacity 126965K, committed 128324K, reserved 1161216K
  class space    used 15297K, capacity 16351K, committed 16740K, reserved 1048576K
}
Event: 9666.683 GC heap after
{Heap after GC invocations=84 (full 1):
 garbage-first heap   total 292864K, used 216113K [0x0000000080000000, 0x0000000100000000)
  region size 1024K, 5 young (5120K), 5 survivors (5120K)
 Metaspace       used 124096K, capacity 126965K, committed 128324K, reserved 1161216K
  class space    used 15297K, capacity 16351K, committed 16740K, reserved 1048576K
}
Event: 9667.456 GC heap before
{Heap before GC invocations=85 (full 1):
 garbage-first heap   total 292864K, used 233521K [0x0000000080000000, 0x0000000100000000)
  region size 1024K, 32 young (32768K), 5 survivors (5120K)
 Metaspace       used 124096K, capacity 126965K, committed 128324K, reserved 1161216K
  class space    used 15297K, capacity 16351K, committed 16740K, reserved 1048576K
}
Event: 9667.498 GC heap after
{Heap after GC invocations=86 (full 1):
 garbage-first heap   total 292864K, used 210684K [0x0000000080000000, 0x0000000100000000)
  region size 1024K, 4 young (4096K), 4 survivors (4096K)
 Metaspace       used 124096K, capacity 126965K, committed 128324K, reserved 1161216K
  class space    used 15297K, capacity 16351K, committed 16740K, reserved 1048576K
}
Event: 9667.609 GC heap before
{Heap before GC invocations=86 (full 1):
 garbage-first heap   total 292864K, used 221948K [0x0000000080000000, 0x0000000100000000)
  region size 1024K, 14 young (14336K), 4 survivors (4096K)
 Metaspace       used 124120K, capacity 126989K, committed 128324K, reserved 1161216K
  class space    used 15301K, capacity 16356K, committed 16740K, reserved 1048576K
}
Event: 9667.640 GC heap after
{Heap after GC invocations=87 (full 1):
 garbage-first heap   total 292864K, used 196119K [0x0000000080000000, 0x0000000100000000)
  region size 1024K, 2 young (2048K), 2 survivors (2048K)
 Metaspace       used 124120K, capacity 126989K, committed 128324K, reserved 1161216K
  class space    used 15301K, capacity 16356K, committed 16740K, reserved 1048576K
}
Event: 9667.815 GC heap before
{Heap before GC invocations=87 (full 1):
 garbage-first heap   total 292864K, used 238103K [0x0000000080000000, 0x0000000100000000)
  region size 1024K, 38 young (38912K), 2 survivors (2048K)
 Metaspace       used 124120K, capacity 126989K, committed 128324K, reserved 1161216K
  class space    used 15301K, capacity 16356K, committed 16740K, reserved 1048576K
}
Event: 9667.836 GC heap after
{Heap after GC invocations=88 (full 1):
 garbage-first heap   total 292864K, used 208628K [0x0000000080000000, 0x0000000100000000)
  region size 1024K, 5 young (5120K), 5 survivors (5120K)
 Metaspace       used 124120K, capacity 126989K, committed 128324K, reserved 1161216K
  class space    used 15301K, capacity 16356K, committed 16740K, reserved 1048576K
}
Event: 9667.944 GC heap before
{Heap before GC invocations=88 (full 1):
 garbage-first heap   total 292864K, used 228084K [0x0000000080000000, 0x0000000100000000)
  region size 1024K, 25 young (25600K), 5 survivors (5120K)
 Metaspace       used 124120K, capacity 126989K, committed 128324K, reserved 1161216K
  class space    used 15301K, capacity 16356K, committed 16740K, reserved 1048576K
}
Event: 9667.962 GC heap after
{Heap after GC invocations=89 (full 1):
 garbage-first heap   total 292864K, used 212938K [0x0000000080000000, 0x0000000100000000)
  region size 1024K, 4 young (4096K), 4 survivors (4096K)
 Metaspace       used 124120K, capacity 126989K, committed 128324K, reserved 1161216K
  class space    used 15301K, capacity 16356K, committed 16740K, reserved 1048576K
}
Event: 9668.100 GC heap before
{Heap before GC invocations=89 (full 1):
 garbage-first heap   total 292864K, used 249802K [0x0000000080000000, 0x0000000100000000)
  region size 1024K, 31 young (31744K), 4 survivors (4096K)
 Metaspace       used 124121K, capacity 126989K, committed 128324K, reserved 1161216K
  class space    used 15301K, capacity 16356K, committed 16740K, reserved 1048576K
}

