# JRE version: OpenJDK Runtime Environment (11.0.10) (build 11.0.10+0-b96-7249189)
# Java VM: OpenJDK 64-Bit Server VM (11.0.10+0-b96-7249189, mixed mode, tiered, compressed oops, g1 gc, windows-amd64)
Heap:
 garbage-first heap   total 284672K, used 94937K [0x0000000080000000, 0x0000000100000000)
  region size 1024K, 22 young (22528K), 16 survivors (16384K)
 Metaspace       used 93415K, capacity 95715K, committed 96000K, reserved 1132544K
  class space    used 12111K, capacity 12950K, committed 13056K, reserved 1048576K
GC Heap History (20 events):
Event: 4.908 GC heap before
{Heap before GC invocations=5 (full 0):
 garbage-first heap   total 196608K, used 93376K [0x0000000080000000, 0x0000000100000000)
  region size 1024K, 84 young (86016K), 9 survivors (9216K)
 Metaspace       used 27921K, capacity 28635K, committed 28800K, reserved 1075200K
  class space    used 3704K, capacity 3933K, committed 3968K, reserved 1048576K
}
Event: 4.922 GC heap after
{Heap after GC invocations=6 (full 0):
 garbage-first heap   total 196608K, used 19074K [0x0000000080000000, 0x0000000100000000)
  region size 1024K, 8 young (8192K), 8 survivors (8192K)
 Metaspace       used 27921K, capacity 28635K, committed 28800K, reserved 1075200K
  class space    used 3704K, capacity 3933K, committed 3968K, reserved 1048576K
}
Event: 5.733 GC heap before
{Heap before GC invocations=6 (full 0):
 garbage-first heap   total 196608K, used 53890K [0x0000000080000000, 0x0000000100000000)
  region size 1024K, 43 young (44032K), 8 survivors (8192K)
 Metaspace       used 35024K, capacity 35794K, committed 35840K, reserved 1081344K
  class space    used 4534K, capacity 4832K, committed 4864K, reserved 1048576K
}
Event: 5.754 GC heap after
{Heap after GC invocations=7 (full 0):
 garbage-first heap   total 196608K, used 21933K [0x0000000080000000, 0x0000000100000000)
  region size 1024K, 6 young (6144K), 6 survivors (6144K)
 Metaspace       used 35024K, capacity 35794K, committed 35840K, reserved 1081344K
  class space    used 4534K, capacity 4832K, committed 4864K, reserved 1048576K
}
Event: 7.195 GC heap before
{Heap before GC invocations=8 (full 0):
 garbage-first heap   total 196608K, used 111021K [0x0000000080000000, 0x0000000100000000)
  region size 1024K, 91 young (93184K), 6 survivors (6144K)
 Metaspace       used 41574K, capacity 42477K, committed 42624K, reserved 1085440K
  class space    used 5361K, capacity 5705K, committed 5760K, reserved 1048576K
}
Event: 7.229 GC heap after
{Heap after GC invocations=9 (full 0):
 garbage-first heap   total 196608K, used 27902K [0x0000000080000000, 0x0000000100000000)
  region size 1024K, 12 young (12288K), 12 survivors (12288K)
 Metaspace       used 41574K, capacity 42477K, committed 42624K, reserved 1085440K
  class space    used 5361K, capacity 5705K, committed 5760K, reserved 1048576K
}
Event: 9.874 GC heap before
{Heap before GC invocations=9 (full 0):
 garbage-first heap   total 196608K, used 131326K [0x0000000080000000, 0x0000000100000000)
  region size 1024K, 104 young (106496K), 12 survivors (12288K)
 Metaspace       used 47251K, capacity 48432K, committed 48512K, reserved 1091584K
  class space    used 6016K, capacity 6468K, committed 6528K, reserved 1048576K
}
Event: 9.921 GC heap after
{Heap after GC invocations=10 (full 0):
 garbage-first heap   total 236544K, used 46754K [0x0000000080000000, 0x0000000100000000)
  region size 1024K, 13 young (13312K), 13 survivors (13312K)
 Metaspace       used 47251K, capacity 48432K, committed 48512K, reserved 1091584K
  class space    used 6016K, capacity 6468K, committed 6528K, reserved 1048576K
}
Event: 11.900 GC heap before
{Heap before GC invocations=10 (full 0):
 garbage-first heap   total 236544K, used 129698K [0x0000000080000000, 0x0000000100000000)
  region size 1024K, 95 young (97280K), 13 survivors (13312K)
 Metaspace       used 58517K, capacity 60028K, committed 60160K, reserved 1101824K
  class space    used 7405K, capacity 7948K, committed 8064K, reserved 1048576K
}
Event: 11.939 GC heap after
{Heap after GC invocations=11 (full 0):
 garbage-first heap   total 236544K, used 51688K [0x0000000080000000, 0x0000000100000000)
  region size 1024K, 5 young (5120K), 5 survivors (5120K)
 Metaspace       used 58517K, capacity 60028K, committed 60160K, reserved 1101824K
  class space    used 7405K, capacity 7948K, committed 8064K, reserved 1048576K
}
Event: 13.775 GC heap before
{Heap before GC invocations=12 (full 0):
 garbage-first heap   total 236544K, used 153064K [0x0000000080000000, 0x0000000100000000)
  region size 1024K, 104 young (106496K), 5 survivors (5120K)
 Metaspace       used 65926K, capacity 67579K, committed 67840K, reserved 1107968K
  class space    used 8355K, capacity 8934K, committed 8960K, reserved 1048576K
}
Event: 13.795 GC heap after
{Heap after GC invocations=13 (full 0):
 garbage-first heap   total 236544K, used 59192K [0x0000000080000000, 0x0000000100000000)
  region size 1024K, 12 young (12288K), 12 survivors (12288K)
 Metaspace       used 65926K, capacity 67579K, committed 67840K, reserved 1107968K
  class space    used 8355K, capacity 8934K, committed 8960K, reserved 1048576K
}
Event: 15.944 GC heap before
{Heap before GC invocations=13 (full 0):
 garbage-first heap   total 236544K, used 164664K [0x0000000080000000, 0x0000000100000000)
  region size 1024K, 115 young (117760K), 12 survivors (12288K)
 Metaspace       used 75683K, capacity 77411K, committed 77568K, reserved 1116160K
  class space    used 9785K, capacity 10465K, committed 10496K, reserved 1048576K
}
Event: 15.975 GC heap after
{Heap after GC invocations=14 (full 0):
 garbage-first heap   total 236544K, used 65382K [0x0000000080000000, 0x0000000100000000)
  region size 1024K, 7 young (7168K), 7 survivors (7168K)
 Metaspace       used 75683K, capacity 77411K, committed 77568K, reserved 1116160K
  class space    used 9785K, capacity 10465K, committed 10496K, reserved 1048576K
}
Event: 19.034 GC heap before
{Heap before GC invocations=14 (full 0):
 garbage-first heap   total 236544K, used 168806K [0x0000000080000000, 0x0000000100000000)
  region size 1024K, 109 young (111616K), 7 survivors (7168K)
 Metaspace       used 82569K, capacity 84580K, committed 84864K, reserved 1122304K
  class space    used 10746K, capacity 11527K, committed 11648K, reserved 1048576K
}
Event: 19.067 GC heap after
{Heap after GC invocations=15 (full 0):
 garbage-first heap   total 236544K, used 74752K [0x0000000080000000, 0x0000000100000000)
  region size 1024K, 14 young (14336K), 14 survivors (14336K)
 Metaspace       used 82569K, capacity 84580K, committed 84864K, reserved 1122304K
  class space    used 10746K, capacity 11527K, committed 11648K, reserved 1048576K
}
Event: 21.905 GC heap before
{Heap before GC invocations=15 (full 0):
 garbage-first heap   total 236544K, used 176128K [0x0000000080000000, 0x0000000100000000)
  region size 1024K, 114 young (116736K), 14 survivors (14336K)
 Metaspace       used 84143K, capacity 86246K, committed 86528K, reserved 1124352K
  class space    used 10899K, capacity 11660K, committed 11776K, reserved 1048576K
}
Event: 21.947 GC heap after
{Heap after GC invocations=16 (full 0):
 garbage-first heap   total 284672K, used 82269K [0x0000000080000000, 0x0000000100000000)
  region size 1024K, 9 young (9216K), 9 survivors (9216K)
 Metaspace       used 84143K, capacity 86246K, committed 86528K, reserved 1124352K
  class space    used 10899K, capacity 11660K, committed 11776K, reserved 1048576K
}
Event: 41.592 GC heap before
{Heap before GC invocations=16 (full 0):
 garbage-first heap   total 284672K, used 200029K [0x0000000080000000, 0x0000000100000000)
  region size 1024K, 125 young (128000K), 9 survivors (9216K)
 Metaspace       used 93107K, capacity 95451K, committed 95744K, reserved 1132544K
  class space    used 12079K, capacity 12947K, committed 13056K, reserved 1048576K
}
Event: 41.619 GC heap after
{Heap after GC invocations=17 (full 0):
 garbage-first heap   total 284672K, used 89817K [0x0000000080000000, 0x0000000100000000)
  region size 1024K, 16 young (16384K), 16 survivors (16384K)
 Metaspace       used 93107K, capacity 95451K, committed 95744K, reserved 1132544K
  class space    used 12079K, capacity 12947K, committed 13056K, reserved 1048576K
}

